<?xml version="1.0" encoding="UTF-8"?>
<!-- Generated by org.testng.reporters.JUnitReportReporter -->
<testsuite hostname="Chocos-MacBook-Pro.local" failures="0" tests="1" name="rahulshettyacademy.tests.StandAloneTestEdited" time="24.376" errors="0" timestamp="2024-09-21T23:18:56 ICT" skipped="0">
  <testcase classname="rahulshettyacademy.tests.StandAloneTestEdited" name="testSubmitOrder" time="24.376"/>
  <system-out/>
</testsuite> <!-- rahulshettyacademy.tests.StandAloneTestEdited -->
