<?xml version="1.0" encoding="UTF-8"?>
<!-- Generated by org.testng.reporters.JUnitReportReporter -->
<testsuite hostname="Chocos-MacBook-Pro.local" failures="0" tests="1" name="rahulshettyacademy.tests.ErrorValidation" time="5.501" errors="0" timestamp="2024-09-21T23:44:16 ICT" skipped="0">
  <testcase classname="rahulshettyacademy.tests.ErrorValidation" name="submitOrder" time="5.501"/>
  <system-out/>
</testsuite> <!-- rahulshettyacademy.tests.ErrorValidation -->
