<?xml version="1.0" encoding="UTF-8"?>
<!-- Generated by org.testng.reporters.JUnitReportReporter -->
<testsuite hostname="Chocos-MacBook-Pro.local" failures="0" tests="1" name="cucumber.TestNgCucumber" time="5.532" errors="0" timestamp="2024-09-25T12:18:59 ICT" skipped="0">
  <testcase classname="cucumber.TestNgCucumber" name="runScenario" time="5.532"/>
</testsuite> <!-- cucumber.TestNgCucumber -->
